Analysis & Synthesis report for DE0_top
Fri Nov 03 08:35:40 2023
Quartus II 64-Bit Version 13.0.1 Build 232 06/12/2013 Service Pack 1 SJ Full Version


---------------------
; Table of Contents ;
---------------------
  1. Legal Notice
  2. Analysis & Synthesis Summary
  3. Analysis & Synthesis Settings
  4. Parallel Compilation
  5. Analysis & Synthesis Source Files Read
  6. Analysis & Synthesis Resource Usage Summary
  7. Analysis & Synthesis Resource Utilization by Entity
  8. Analysis & Synthesis RAM Summary
  9. Analysis & Synthesis IP Cores Summary
 10. General Register Statistics
 11. Inverted Register Statistics
 12. Registers Added for RAM Pass-Through Logic
 13. Multiplexer Restructuring Statistics (Restructuring Performed)
 14. Source assignments for vjtag_test:VU|altsyncram:ram_rtl_0|altsyncram_n5h1:auto_generated
 15. Parameter Settings for User Entity Instance: vjtag_test:VU|vjtag_uart:vjtag
 16. Parameter Settings for User Entity Instance: vjtag_test:VU|vjtag_uart:vjtag|VirtualJTAG:vjtag|sld_virtual_jtag:sld_virtual_jtag_component
 17. Parameter Settings for Inferred Entity Instance: vjtag_test:VU|altsyncram:ram_rtl_0
 18. altsyncram Parameter Settings by Entity Instance
 19. Port Connectivity Checks: "vjtag_test:VU|vjtag_uart:vjtag|VirtualJTAG:vjtag"
 20. Virtual JTAG Settings
 21. Elapsed Time Per Partition
 22. Analysis & Synthesis Messages
 23. Analysis & Synthesis Suppressed Messages



----------------
; Legal Notice ;
----------------
Copyright (C) 1991-2013 Altera Corporation
Your use of Altera Corporation's design tools, logic functions 
and other software and tools, and its AMPP partner logic 
functions, and any output files from any of the foregoing 
(including device programming or simulation files), and any 
associated documentation or information are expressly subject 
to the terms and conditions of the Altera Program License 
Subscription Agreement, Altera MegaCore Function License 
Agreement, or other applicable license agreement, including, 
without limitation, that your use is for the sole purpose of 
programming logic devices manufactured by Altera and sold by 
Altera or its authorized distributors.  Please refer to the 
applicable agreement for further details.



+---------------------------------------------------------------------------------------+
; Analysis & Synthesis Summary                                                          ;
+------------------------------------+--------------------------------------------------+
; Analysis & Synthesis Status        ; Successful - Fri Nov 03 08:35:40 2023            ;
; Quartus II 64-Bit Version          ; 13.0.1 Build 232 06/12/2013 SP 1 SJ Full Version ;
; Revision Name                      ; DE0_top                                          ;
; Top-level Entity Name              ; DE0_top                                          ;
; Family                             ; Cyclone III                                      ;
; Total logic elements               ; 442                                              ;
;     Total combinational functions  ; 344                                              ;
;     Dedicated logic registers      ; 270                                              ;
; Total registers                    ; 270                                              ;
; Total pins                         ; 254                                              ;
; Total virtual pins                 ; 0                                                ;
; Total memory bits                  ; 262,144                                          ;
; Embedded Multiplier 9-bit elements ; 0                                                ;
; Total PLLs                         ; 0                                                ;
+------------------------------------+--------------------------------------------------+


+----------------------------------------------------------------------------------------------------------------------+
; Analysis & Synthesis Settings                                                                                        ;
+----------------------------------------------------------------------------+--------------------+--------------------+
; Option                                                                     ; Setting            ; Default Value      ;
+----------------------------------------------------------------------------+--------------------+--------------------+
; Device                                                                     ; EP3C16F484C6       ;                    ;
; Top-level entity name                                                      ; DE0_top            ; DE0_top            ;
; Family name                                                                ; Cyclone III        ; Cyclone IV GX      ;
; Use smart compilation                                                      ; Off                ; Off                ;
; Enable parallel Assembler and TimeQuest Timing Analyzer during compilation ; On                 ; On                 ;
; Enable compact report table                                                ; Off                ; Off                ;
; Restructure Multiplexers                                                   ; Auto               ; Auto               ;
; Create Debugging Nodes for IP Cores                                        ; Off                ; Off                ;
; Preserve fewer node names                                                  ; On                 ; On                 ;
; Disable OpenCore Plus hardware evaluation                                  ; Off                ; Off                ;
; Verilog Version                                                            ; Verilog_2001       ; Verilog_2001       ;
; VHDL Version                                                               ; VHDL_1993          ; VHDL_1993          ;
; State Machine Processing                                                   ; Auto               ; Auto               ;
; Safe State Machine                                                         ; Off                ; Off                ;
; Extract Verilog State Machines                                             ; On                 ; On                 ;
; Extract VHDL State Machines                                                ; On                 ; On                 ;
; Ignore Verilog initial constructs                                          ; Off                ; Off                ;
; Iteration limit for constant Verilog loops                                 ; 5000               ; 5000               ;
; Iteration limit for non-constant Verilog loops                             ; 250                ; 250                ;
; Add Pass-Through Logic to Inferred RAMs                                    ; On                 ; On                 ;
; Infer RAMs from Raw Logic                                                  ; On                 ; On                 ;
; Parallel Synthesis                                                         ; On                 ; On                 ;
; DSP Block Balancing                                                        ; Auto               ; Auto               ;
; NOT Gate Push-Back                                                         ; On                 ; On                 ;
; Power-Up Don't Care                                                        ; On                 ; On                 ;
; Remove Redundant Logic Cells                                               ; Off                ; Off                ;
; Remove Duplicate Registers                                                 ; On                 ; On                 ;
; Ignore CARRY Buffers                                                       ; Off                ; Off                ;
; Ignore CASCADE Buffers                                                     ; Off                ; Off                ;
; Ignore GLOBAL Buffers                                                      ; Off                ; Off                ;
; Ignore ROW GLOBAL Buffers                                                  ; Off                ; Off                ;
; Ignore LCELL Buffers                                                       ; Off                ; Off                ;
; Ignore SOFT Buffers                                                        ; On                 ; On                 ;
; Limit AHDL Integers to 32 Bits                                             ; Off                ; Off                ;
; Optimization Technique                                                     ; Balanced           ; Balanced           ;
; Carry Chain Length                                                         ; 70                 ; 70                 ;
; Auto Carry Chains                                                          ; On                 ; On                 ;
; Auto Open-Drain Pins                                                       ; On                 ; On                 ;
; Perform WYSIWYG Primitive Resynthesis                                      ; Off                ; Off                ;
; Auto ROM Replacement                                                       ; On                 ; On                 ;
; Auto RAM Replacement                                                       ; On                 ; On                 ;
; Auto DSP Block Replacement                                                 ; On                 ; On                 ;
; Auto Shift Register Replacement                                            ; Auto               ; Auto               ;
; Allow Shift Register Merging across Hierarchies                            ; Auto               ; Auto               ;
; Auto Clock Enable Replacement                                              ; On                 ; On                 ;
; Strict RAM Replacement                                                     ; Off                ; Off                ;
; Allow Synchronous Control Signals                                          ; On                 ; On                 ;
; Force Use of Synchronous Clear Signals                                     ; Off                ; Off                ;
; Auto RAM Block Balancing                                                   ; On                 ; On                 ;
; Auto RAM to Logic Cell Conversion                                          ; Off                ; Off                ;
; Auto Resource Sharing                                                      ; Off                ; Off                ;
; Allow Any RAM Size For Recognition                                         ; Off                ; Off                ;
; Allow Any ROM Size For Recognition                                         ; Off                ; Off                ;
; Allow Any Shift Register Size For Recognition                              ; Off                ; Off                ;
; Use LogicLock Constraints during Resource Balancing                        ; On                 ; On                 ;
; Ignore translate_off and synthesis_off directives                          ; Off                ; Off                ;
; Timing-Driven Synthesis                                                    ; On                 ; On                 ;
; Report Parameter Settings                                                  ; On                 ; On                 ;
; Report Source Assignments                                                  ; On                 ; On                 ;
; Report Connectivity Checks                                                 ; On                 ; On                 ;
; Ignore Maximum Fan-Out Assignments                                         ; Off                ; Off                ;
; Synchronization Register Chain Length                                      ; 2                  ; 2                  ;
; PowerPlay Power Optimization                                               ; Normal compilation ; Normal compilation ;
; HDL message level                                                          ; Level2             ; Level2             ;
; Suppress Register Optimization Related Messages                            ; Off                ; Off                ;
; Number of Removed Registers Reported in Synthesis Report                   ; 5000               ; 5000               ;
; Number of Swept Nodes Reported in Synthesis Report                         ; 5000               ; 5000               ;
; Number of Inverted Registers Reported in Synthesis Report                  ; 100                ; 100                ;
; Clock MUX Protection                                                       ; On                 ; On                 ;
; Auto Gated Clock Conversion                                                ; Off                ; Off                ;
; Block Design Naming                                                        ; Auto               ; Auto               ;
; SDC constraint protection                                                  ; Off                ; Off                ;
; Synthesis Effort                                                           ; Auto               ; Auto               ;
; Shift Register Replacement - Allow Asynchronous Clear Signal               ; On                 ; On                 ;
; Pre-Mapping Resynthesis Optimization                                       ; Off                ; Off                ;
; Analysis & Synthesis Message Level                                         ; Medium             ; Medium             ;
; Disable Register Merging Across Hierarchies                                ; Auto               ; Auto               ;
; Resource Aware Inference For Block RAM                                     ; On                 ; On                 ;
; Synthesis Seed                                                             ; 1                  ; 1                  ;
+----------------------------------------------------------------------------+--------------------+--------------------+


+------------------------------------------+
; Parallel Compilation                     ;
+----------------------------+-------------+
; Processors                 ; Number      ;
+----------------------------+-------------+
; Number detected on machine ; 8           ;
; Maximum allowed            ; 4           ;
;                            ;             ;
; Average used               ; 1.00        ;
; Maximum used               ; 1           ;
;                            ;             ;
; Usage by Processor         ; % Time Used ;
;     Processor 1            ; 100.0%      ;
;     Processors 2-8         ;   0.0%      ;
+----------------------------+-------------+


+--------------------------------------------------------------------------------------------------------------------------------------------------------------------------+
; Analysis & Synthesis Source Files Read                                                                                                                                   ;
+----------------------------------+-----------------+------------------------------+----------------------------------------------------------------------------+---------+
; File Name with User-Entered Path ; Used in Netlist ; File Type                    ; File Name with Absolute Path                                               ; Library ;
+----------------------------------+-----------------+------------------------------+----------------------------------------------------------------------------+---------+
; ip/DE0_top.v                     ; yes             ; User Verilog HDL File        ; C:/prj/DE0_usb_jtag/altera_de0/ip/DE0_top.v                                ;         ;
; ip/sys_reset.v                   ; yes             ; User Verilog HDL File        ; C:/prj/DE0_usb_jtag/altera_de0/ip/sys_reset.v                              ;         ;
; ip/seg7_ctrl.v                   ; yes             ; User Verilog HDL File        ; C:/prj/DE0_usb_jtag/altera_de0/ip/seg7_ctrl.v                              ;         ;
; ip/vjtag_uart.v                  ; yes             ; User Verilog HDL File        ; C:/prj/DE0_usb_jtag/altera_de0/ip/vjtag_uart.v                             ;         ;
; ip/vjtag_test.v                  ; yes             ; User Verilog HDL File        ; C:/prj/DE0_usb_jtag/altera_de0/ip/vjtag_test.v                             ;         ;
; ip/VirtualJTAG.v                 ; yes             ; User Wizard-Generated File   ; C:/prj/DE0_usb_jtag/altera_de0/ip/VirtualJTAG.v                            ;         ;
; ip/vjtag_uart.vh                 ; yes             ; User Unspecified File        ; C:/prj/DE0_usb_jtag/altera_de0/ip/vjtag_uart.vh                            ;         ;
; sld_virtual_jtag.v               ; yes             ; Megafunction                 ; c:/altera/13.0sp1/quartus/libraries/megafunctions/sld_virtual_jtag.v       ;         ;
; sld_virtual_jtag_basic.v         ; yes             ; Megafunction                 ; c:/altera/13.0sp1/quartus/libraries/megafunctions/sld_virtual_jtag_basic.v ;         ;
; sld_hub.vhd                      ; yes             ; Encrypted Megafunction       ; c:/altera/13.0sp1/quartus/libraries/megafunctions/sld_hub.vhd              ;         ;
; sld_jtag_hub.vhd                 ; yes             ; Encrypted Megafunction       ; c:/altera/13.0sp1/quartus/libraries/megafunctions/sld_jtag_hub.vhd         ;         ;
; sld_rom_sr.vhd                   ; yes             ; Encrypted Megafunction       ; c:/altera/13.0sp1/quartus/libraries/megafunctions/sld_rom_sr.vhd           ;         ;
; altsyncram.tdf                   ; yes             ; Megafunction                 ; c:/altera/13.0sp1/quartus/libraries/megafunctions/altsyncram.tdf           ;         ;
; stratix_ram_block.inc            ; yes             ; Megafunction                 ; c:/altera/13.0sp1/quartus/libraries/megafunctions/stratix_ram_block.inc    ;         ;
; lpm_mux.inc                      ; yes             ; Megafunction                 ; c:/altera/13.0sp1/quartus/libraries/megafunctions/lpm_mux.inc              ;         ;
; lpm_decode.inc                   ; yes             ; Megafunction                 ; c:/altera/13.0sp1/quartus/libraries/megafunctions/lpm_decode.inc           ;         ;
; aglobal130.inc                   ; yes             ; Megafunction                 ; c:/altera/13.0sp1/quartus/libraries/megafunctions/aglobal130.inc           ;         ;
; a_rdenreg.inc                    ; yes             ; Megafunction                 ; c:/altera/13.0sp1/quartus/libraries/megafunctions/a_rdenreg.inc            ;         ;
; altrom.inc                       ; yes             ; Megafunction                 ; c:/altera/13.0sp1/quartus/libraries/megafunctions/altrom.inc               ;         ;
; altram.inc                       ; yes             ; Megafunction                 ; c:/altera/13.0sp1/quartus/libraries/megafunctions/altram.inc               ;         ;
; altdpram.inc                     ; yes             ; Megafunction                 ; c:/altera/13.0sp1/quartus/libraries/megafunctions/altdpram.inc             ;         ;
; db/altsyncram_n5h1.tdf           ; yes             ; Auto-Generated Megafunction  ; C:/prj/DE0_usb_jtag/altera_de0/db/altsyncram_n5h1.tdf                      ;         ;
; db/decode_dra.tdf                ; yes             ; Auto-Generated Megafunction  ; C:/prj/DE0_usb_jtag/altera_de0/db/decode_dra.tdf                           ;         ;
; db/mux_tlb.tdf                   ; yes             ; Auto-Generated Megafunction  ; C:/prj/DE0_usb_jtag/altera_de0/db/mux_tlb.tdf                              ;         ;
+----------------------------------+-----------------+------------------------------+----------------------------------------------------------------------------+---------+


+--------------------------------------------------------------+
; Analysis & Synthesis Resource Usage Summary                  ;
+---------------------------------------------+----------------+
; Resource                                    ; Usage          ;
+---------------------------------------------+----------------+
; Estimated Total logic elements              ; 442            ;
;                                             ;                ;
; Total combinational functions               ; 344            ;
; Logic element usage by number of LUT inputs ;                ;
;     -- 4 input functions                    ; 161            ;
;     -- 3 input functions                    ; 88             ;
;     -- <=2 input functions                  ; 95             ;
;                                             ;                ;
; Logic elements by mode                      ;                ;
;     -- normal mode                          ; 273            ;
;     -- arithmetic mode                      ; 71             ;
;                                             ;                ;
; Total registers                             ; 270            ;
;     -- Dedicated logic registers            ; 270            ;
;     -- I/O registers                        ; 0              ;
;                                             ;                ;
; I/O pins                                    ; 254            ;
; Total memory bits                           ; 262144         ;
; Embedded Multiplier 9-bit elements          ; 0              ;
; Maximum fan-out node                        ; CLOCK_50~input ;
; Maximum fan-out                             ; 194            ;
; Total fan-out                               ; 3341           ;
; Average fan-out                             ; 2.63           ;
+---------------------------------------------+----------------+


+-----------------------------------------------------------------------------------------------------------------------------------------------------------------------------------------------------------------------------------------------------------------------------------------------------------------------------------------------------------+
; Analysis & Synthesis Resource Utilization by Entity                                                                                                                                                                                                                                                                                                       ;
+---------------------------------------------------------------------+-------------------+--------------+-------------+--------------+---------+-----------+------+--------------+----------------------------------------------------------------------------------------------------------------------------------------------------------+--------------+
; Compilation Hierarchy Node                                          ; LC Combinationals ; LC Registers ; Memory Bits ; DSP Elements ; DSP 9x9 ; DSP 18x18 ; Pins ; Virtual Pins ; Full Hierarchy Name                                                                                                                                      ; Library Name ;
+---------------------------------------------------------------------+-------------------+--------------+-------------+--------------+---------+-----------+------+--------------+----------------------------------------------------------------------------------------------------------------------------------------------------------+--------------+
; |DE0_top                                                            ; 344 (1)           ; 270 (0)      ; 262144      ; 0            ; 0       ; 0         ; 254  ; 0            ; |DE0_top                                                                                                                                                 ; work         ;
;    |sld_hub:auto_hub|                                               ; 119 (1)           ; 86 (0)       ; 0           ; 0            ; 0       ; 0         ; 0    ; 0            ; |DE0_top|sld_hub:auto_hub                                                                                                                                ; work         ;
;       |sld_jtag_hub:\jtag_hub_gen:sld_jtag_hub_inst|                ; 118 (81)          ; 86 (58)      ; 0           ; 0            ; 0       ; 0         ; 0    ; 0            ; |DE0_top|sld_hub:auto_hub|sld_jtag_hub:\jtag_hub_gen:sld_jtag_hub_inst                                                                                   ; work         ;
;          |sld_rom_sr:hub_info_reg|                                  ; 20 (20)           ; 9 (9)        ; 0           ; 0            ; 0       ; 0         ; 0    ; 0            ; |DE0_top|sld_hub:auto_hub|sld_jtag_hub:\jtag_hub_gen:sld_jtag_hub_inst|sld_rom_sr:hub_info_reg                                                           ; work         ;
;          |sld_shadow_jsm:shadow_jsm|                                ; 17 (17)           ; 19 (19)      ; 0           ; 0            ; 0       ; 0         ; 0    ; 0            ; |DE0_top|sld_hub:auto_hub|sld_jtag_hub:\jtag_hub_gen:sld_jtag_hub_inst|sld_shadow_jsm:shadow_jsm                                                         ; work         ;
;    |sys_reset:RSTU|                                                 ; 17 (17)           ; 16 (16)      ; 0           ; 0            ; 0       ; 0         ; 0    ; 0            ; |DE0_top|sys_reset:RSTU                                                                                                                                  ; work         ;
;    |vjtag_test:VU|                                                  ; 207 (115)         ; 168 (127)    ; 262144      ; 0            ; 0       ; 0         ; 0    ; 0            ; |DE0_top|vjtag_test:VU                                                                                                                                   ; work         ;
;       |altsyncram:ram_rtl_0|                                        ; 19 (0)            ; 2 (0)        ; 262144      ; 0            ; 0       ; 0         ; 0    ; 0            ; |DE0_top|vjtag_test:VU|altsyncram:ram_rtl_0                                                                                                              ; work         ;
;          |altsyncram_n5h1:auto_generated|                           ; 19 (0)            ; 2 (2)        ; 262144      ; 0            ; 0       ; 0         ; 0    ; 0            ; |DE0_top|vjtag_test:VU|altsyncram:ram_rtl_0|altsyncram_n5h1:auto_generated                                                                               ; work         ;
;             |decode_dra:decode2|                                    ; 3 (3)             ; 0 (0)        ; 0           ; 0            ; 0       ; 0         ; 0    ; 0            ; |DE0_top|vjtag_test:VU|altsyncram:ram_rtl_0|altsyncram_n5h1:auto_generated|decode_dra:decode2                                                            ; work         ;
;             |mux_tlb:mux3|                                          ; 16 (16)           ; 0 (0)        ; 0           ; 0            ; 0       ; 0         ; 0    ; 0            ; |DE0_top|vjtag_test:VU|altsyncram:ram_rtl_0|altsyncram_n5h1:auto_generated|mux_tlb:mux3                                                                  ; work         ;
;       |seg7_ctrl:seg7_0|                                            ; 7 (7)             ; 0 (0)        ; 0           ; 0            ; 0       ; 0         ; 0    ; 0            ; |DE0_top|vjtag_test:VU|seg7_ctrl:seg7_0                                                                                                                  ; work         ;
;       |seg7_ctrl:seg7_1|                                            ; 7 (7)             ; 0 (0)        ; 0           ; 0            ; 0       ; 0         ; 0    ; 0            ; |DE0_top|vjtag_test:VU|seg7_ctrl:seg7_1                                                                                                                  ; work         ;
;       |seg7_ctrl:seg7_2|                                            ; 7 (7)             ; 0 (0)        ; 0           ; 0            ; 0       ; 0         ; 0    ; 0            ; |DE0_top|vjtag_test:VU|seg7_ctrl:seg7_2                                                                                                                  ; work         ;
;       |seg7_ctrl:seg7_3|                                            ; 7 (7)             ; 0 (0)        ; 0           ; 0            ; 0       ; 0         ; 0    ; 0            ; |DE0_top|vjtag_test:VU|seg7_ctrl:seg7_3                                                                                                                  ; work         ;
;       |vjtag_uart:vjtag|                                            ; 45 (43)           ; 39 (39)      ; 0           ; 0            ; 0       ; 0         ; 0    ; 0            ; |DE0_top|vjtag_test:VU|vjtag_uart:vjtag                                                                                                                  ; work         ;
;          |VirtualJTAG:vjtag|                                        ; 2 (0)             ; 0 (0)        ; 0           ; 0            ; 0       ; 0         ; 0    ; 0            ; |DE0_top|vjtag_test:VU|vjtag_uart:vjtag|VirtualJTAG:vjtag                                                                                                ; work         ;
;             |sld_virtual_jtag:sld_virtual_jtag_component|           ; 2 (0)             ; 0 (0)        ; 0           ; 0            ; 0       ; 0         ; 0    ; 0            ; |DE0_top|vjtag_test:VU|vjtag_uart:vjtag|VirtualJTAG:vjtag|sld_virtual_jtag:sld_virtual_jtag_component                                                    ; work         ;
;                |sld_virtual_jtag_basic:sld_virtual_jtag_basic_inst| ; 2 (2)             ; 0 (0)        ; 0           ; 0            ; 0       ; 0         ; 0    ; 0            ; |DE0_top|vjtag_test:VU|vjtag_uart:vjtag|VirtualJTAG:vjtag|sld_virtual_jtag:sld_virtual_jtag_component|sld_virtual_jtag_basic:sld_virtual_jtag_basic_inst ; work         ;
+---------------------------------------------------------------------+-------------------+--------------+-------------+--------------+---------+-----------+------+--------------+----------------------------------------------------------------------------------------------------------------------------------------------------------+--------------+
Note: For table entries with two numbers listed, the numbers in parentheses indicate the number of resources of the given type used by the specific entity alone. The numbers listed outside of parentheses indicate the total resources of the given type used by the specific entity and all of its sub-entities in the hierarchy.


+------------------------------------------------------------------------------------------------------------------------------------------------------------------------------------+
; Analysis & Synthesis RAM Summary                                                                                                                                                   ;
+------------------------------------------------------------------------------+------+------------------+--------------+--------------+--------------+--------------+--------+------+
; Name                                                                         ; Type ; Mode             ; Port A Depth ; Port A Width ; Port B Depth ; Port B Width ; Size   ; MIF  ;
+------------------------------------------------------------------------------+------+------------------+--------------+--------------+--------------+--------------+--------+------+
; vjtag_test:VU|altsyncram:ram_rtl_0|altsyncram_n5h1:auto_generated|ALTSYNCRAM ; AUTO ; Simple Dual Port ; 32768        ; 8            ; 32768        ; 8            ; 262144 ; None ;
+------------------------------------------------------------------------------+------+------------------+--------------+--------------+--------------+--------------+--------+------+


+-----------------------------------------------------------------------------------------------------------------------------------------------------------------------------+
; Analysis & Synthesis IP Cores Summary                                                                                                                                       ;
+--------+--------------+---------+--------------+--------------+-----------------------------------------------------------+-------------------------------------------------+
; Vendor ; IP Core Name ; Version ; Release Date ; License Type ; Entity Instance                                           ; IP Include File                                 ;
+--------+--------------+---------+--------------+--------------+-----------------------------------------------------------+-------------------------------------------------+
; Altera ; Virtual JTAG ; N/A     ; N/A          ; N/A          ; |DE0_top|vjtag_test:VU|vjtag_uart:vjtag|VirtualJTAG:vjtag ; C:/prj/DE0_usb_jtag/altera_de0/ip/VirtualJTAG.v ;
+--------+--------------+---------+--------------+--------------+-----------------------------------------------------------+-------------------------------------------------+


+------------------------------------------------------+
; General Register Statistics                          ;
+----------------------------------------------+-------+
; Statistic                                    ; Value ;
+----------------------------------------------+-------+
; Total registers                              ; 270   ;
; Number of registers using Synchronous Clear  ; 43    ;
; Number of registers using Synchronous Load   ; 26    ;
; Number of registers using Asynchronous Clear ; 156   ;
; Number of registers using Asynchronous Load  ; 0     ;
; Number of registers using Clock Enable       ; 148   ;
; Number of registers using Preset             ; 0     ;
+----------------------------------------------+-------+


+----------------------------------------------------------------------------------------+
; Inverted Register Statistics                                                           ;
+------------------------------------------------------------------------------+---------+
; Inverted Register                                                            ; Fan out ;
+------------------------------------------------------------------------------+---------+
; sld_hub:auto_hub|sld_jtag_hub:\jtag_hub_gen:sld_jtag_hub_inst|tdo            ; 1       ;
; sld_hub:auto_hub|sld_jtag_hub:\jtag_hub_gen:sld_jtag_hub_inst|jtag_ir_reg[2] ; 2       ;
; sld_hub:auto_hub|sld_jtag_hub:\jtag_hub_gen:sld_jtag_hub_inst|jtag_ir_reg[1] ; 3       ;
; Total number of inverted registers = 3                                       ;         ;
+------------------------------------------------------------------------------+---------+


+--------------------------------------------------------------+
; Registers Added for RAM Pass-Through Logic                   ;
+------------------------------------+-------------------------+
; Register Name                      ; RAM Name                ;
+------------------------------------+-------------------------+
; vjtag_test:VU|ram_rtl_0_bypass[0]  ; vjtag_test:VU|ram_rtl_0 ;
; vjtag_test:VU|ram_rtl_0_bypass[1]  ; vjtag_test:VU|ram_rtl_0 ;
; vjtag_test:VU|ram_rtl_0_bypass[2]  ; vjtag_test:VU|ram_rtl_0 ;
; vjtag_test:VU|ram_rtl_0_bypass[3]  ; vjtag_test:VU|ram_rtl_0 ;
; vjtag_test:VU|ram_rtl_0_bypass[4]  ; vjtag_test:VU|ram_rtl_0 ;
; vjtag_test:VU|ram_rtl_0_bypass[5]  ; vjtag_test:VU|ram_rtl_0 ;
; vjtag_test:VU|ram_rtl_0_bypass[6]  ; vjtag_test:VU|ram_rtl_0 ;
; vjtag_test:VU|ram_rtl_0_bypass[7]  ; vjtag_test:VU|ram_rtl_0 ;
; vjtag_test:VU|ram_rtl_0_bypass[8]  ; vjtag_test:VU|ram_rtl_0 ;
; vjtag_test:VU|ram_rtl_0_bypass[9]  ; vjtag_test:VU|ram_rtl_0 ;
; vjtag_test:VU|ram_rtl_0_bypass[10] ; vjtag_test:VU|ram_rtl_0 ;
; vjtag_test:VU|ram_rtl_0_bypass[11] ; vjtag_test:VU|ram_rtl_0 ;
; vjtag_test:VU|ram_rtl_0_bypass[12] ; vjtag_test:VU|ram_rtl_0 ;
; vjtag_test:VU|ram_rtl_0_bypass[13] ; vjtag_test:VU|ram_rtl_0 ;
; vjtag_test:VU|ram_rtl_0_bypass[14] ; vjtag_test:VU|ram_rtl_0 ;
; vjtag_test:VU|ram_rtl_0_bypass[15] ; vjtag_test:VU|ram_rtl_0 ;
; vjtag_test:VU|ram_rtl_0_bypass[16] ; vjtag_test:VU|ram_rtl_0 ;
; vjtag_test:VU|ram_rtl_0_bypass[17] ; vjtag_test:VU|ram_rtl_0 ;
; vjtag_test:VU|ram_rtl_0_bypass[18] ; vjtag_test:VU|ram_rtl_0 ;
; vjtag_test:VU|ram_rtl_0_bypass[19] ; vjtag_test:VU|ram_rtl_0 ;
; vjtag_test:VU|ram_rtl_0_bypass[20] ; vjtag_test:VU|ram_rtl_0 ;
; vjtag_test:VU|ram_rtl_0_bypass[21] ; vjtag_test:VU|ram_rtl_0 ;
; vjtag_test:VU|ram_rtl_0_bypass[22] ; vjtag_test:VU|ram_rtl_0 ;
; vjtag_test:VU|ram_rtl_0_bypass[23] ; vjtag_test:VU|ram_rtl_0 ;
; vjtag_test:VU|ram_rtl_0_bypass[24] ; vjtag_test:VU|ram_rtl_0 ;
; vjtag_test:VU|ram_rtl_0_bypass[25] ; vjtag_test:VU|ram_rtl_0 ;
; vjtag_test:VU|ram_rtl_0_bypass[26] ; vjtag_test:VU|ram_rtl_0 ;
; vjtag_test:VU|ram_rtl_0_bypass[27] ; vjtag_test:VU|ram_rtl_0 ;
; vjtag_test:VU|ram_rtl_0_bypass[28] ; vjtag_test:VU|ram_rtl_0 ;
; vjtag_test:VU|ram_rtl_0_bypass[29] ; vjtag_test:VU|ram_rtl_0 ;
; vjtag_test:VU|ram_rtl_0_bypass[30] ; vjtag_test:VU|ram_rtl_0 ;
; vjtag_test:VU|ram_rtl_0_bypass[31] ; vjtag_test:VU|ram_rtl_0 ;
; vjtag_test:VU|ram_rtl_0_bypass[32] ; vjtag_test:VU|ram_rtl_0 ;
; vjtag_test:VU|ram_rtl_0_bypass[33] ; vjtag_test:VU|ram_rtl_0 ;
; vjtag_test:VU|ram_rtl_0_bypass[34] ; vjtag_test:VU|ram_rtl_0 ;
; vjtag_test:VU|ram_rtl_0_bypass[35] ; vjtag_test:VU|ram_rtl_0 ;
; vjtag_test:VU|ram_rtl_0_bypass[36] ; vjtag_test:VU|ram_rtl_0 ;
; vjtag_test:VU|ram_rtl_0_bypass[37] ; vjtag_test:VU|ram_rtl_0 ;
; vjtag_test:VU|ram_rtl_0_bypass[38] ; vjtag_test:VU|ram_rtl_0 ;
+------------------------------------+-------------------------+


+------------------------------------------------------------------------------------------------------------------------------------------------------------------------------------------------------------------------------+
; Multiplexer Restructuring Statistics (Restructuring Performed)                                                                                                                                                               ;
+--------------------+-----------+---------------+----------------------+------------------------+------------+----------------------------------------------------------------------------------------------------------------+
; Multiplexer Inputs ; Bus Width ; Baseline Area ; Area if Restructured ; Saving if Restructured ; Registered ; Example Multiplexer Output                                                                                     ;
+--------------------+-----------+---------------+----------------------+------------------------+------------+----------------------------------------------------------------------------------------------------------------+
; 3:1                ; 23 bits   ; 46 LEs        ; 23 LEs               ; 23 LEs                 ; Yes        ; |DE0_top|vjtag_test:VU|recv_adrs[4]                                                                            ;
; 3:1                ; 3 bits    ; 6 LEs         ; 3 LEs                ; 3 LEs                  ; Yes        ; |DE0_top|vjtag_test:VU|vjtag_uart:vjtag|count[1]                                                               ;
; 3:1                ; 8 bits    ; 16 LEs        ; 16 LEs               ; 0 LEs                  ; Yes        ; |DE0_top|vjtag_test:VU|ram_dout[7]                                                                             ;
; 4:1                ; 16 bits   ; 32 LEs        ; 16 LEs               ; 16 LEs                 ; Yes        ; |DE0_top|vjtag_test:VU|send_data_last[2]                                                                       ;
; 3:1                ; 15 bits   ; 30 LEs        ; 30 LEs               ; 0 LEs                  ; No         ; |DE0_top|vjtag_test:VU|send_adrs                                                                               ;
; 3:1                ; 4 bits    ; 8 LEs         ; 4 LEs                ; 4 LEs                  ; Yes        ; |DE0_top|sld_hub:auto_hub|sld_jtag_hub:\jtag_hub_gen:sld_jtag_hub_inst|hub_minor_ver_reg[0]                    ;
; 4:1                ; 5 bits    ; 10 LEs        ; 5 LEs                ; 5 LEs                  ; Yes        ; |DE0_top|sld_hub:auto_hub|sld_jtag_hub:\jtag_hub_gen:sld_jtag_hub_inst|mixer_addr_reg[4]                       ;
; 5:1                ; 5 bits    ; 15 LEs        ; 5 LEs                ; 10 LEs                 ; Yes        ; |DE0_top|sld_hub:auto_hub|sld_jtag_hub:\jtag_hub_gen:sld_jtag_hub_inst|sld_rom_sr:hub_info_reg|word_counter[0] ;
; 6:1                ; 7 bits    ; 28 LEs        ; 7 LEs                ; 21 LEs                 ; Yes        ; |DE0_top|sld_hub:auto_hub|sld_jtag_hub:\jtag_hub_gen:sld_jtag_hub_inst|irsr_reg[2]                             ;
; 34:1               ; 4 bits    ; 88 LEs        ; 60 LEs               ; 28 LEs                 ; Yes        ; |DE0_top|sld_hub:auto_hub|sld_jtag_hub:\jtag_hub_gen:sld_jtag_hub_inst|design_hash_reg[3]                      ;
; 20:1               ; 4 bits    ; 52 LEs        ; 36 LEs               ; 16 LEs                 ; Yes        ; |DE0_top|sld_hub:auto_hub|sld_jtag_hub:\jtag_hub_gen:sld_jtag_hub_inst|sld_rom_sr:hub_info_reg|WORD_SR[0]      ;
+--------------------+-----------+---------------+----------------------+------------------------+------------+----------------------------------------------------------------------------------------------------------------+


+------------------------------------------------------------------------------------------+
; Source assignments for vjtag_test:VU|altsyncram:ram_rtl_0|altsyncram_n5h1:auto_generated ;
+---------------------------------+--------------------+------+----------------------------+
; Assignment                      ; Value              ; From ; To                         ;
+---------------------------------+--------------------+------+----------------------------+
; OPTIMIZE_POWER_DURING_SYNTHESIS ; NORMAL_COMPILATION ; -    ; -                          ;
+---------------------------------+--------------------+------+----------------------------+


+-----------------------------------------------------------------------------+
; Parameter Settings for User Entity Instance: vjtag_test:VU|vjtag_uart:vjtag ;
+----------------+----------+-------------------------------------------------+
; Parameter Name ; Value    ; Type                                            ;
+----------------+----------+-------------------------------------------------+
; COMMAND_RECV   ; 01000001 ; Unsigned Binary                                 ;
; COMMAND_SEND   ; 01000010 ; Unsigned Binary                                 ;
+----------------+----------+-------------------------------------------------+
Note: In order to hide this table in the UI and the text report file, please set the "Show Parameter Settings in Synthesis Report" option in "Analysis and Synthesis Settings -> More Settings" to "Off".


+-------------------------------------------------------------------------------------------------------------------------------------------+
; Parameter Settings for User Entity Instance: vjtag_test:VU|vjtag_uart:vjtag|VirtualJTAG:vjtag|sld_virtual_jtag:sld_virtual_jtag_component ;
+-------------------------+------------------+----------------------------------------------------------------------------------------------+
; Parameter Name          ; Value            ; Type                                                                                         ;
+-------------------------+------------------+----------------------------------------------------------------------------------------------+
; sld_auto_instance_index ; YES              ; String                                                                                       ;
; sld_instance_index      ; 0                ; Signed Integer                                                                               ;
; sld_ir_width            ; 8                ; Signed Integer                                                                               ;
; sld_sim_n_scan          ; 0                ; Signed Integer                                                                               ;
; sld_sim_action          ;                  ; String                                                                                       ;
; sld_sim_total_length    ; 0                ; Signed Integer                                                                               ;
; lpm_type                ; sld_virtual_jtag ; String                                                                                       ;
; lpm_hint                ; UNUSED           ; String                                                                                       ;
+-------------------------+------------------+----------------------------------------------------------------------------------------------+
Note: In order to hide this table in the UI and the text report file, please set the "Show Parameter Settings in Synthesis Report" option in "Analysis and Synthesis Settings -> More Settings" to "Off".


+-------------------------------------------------------------------------------------+
; Parameter Settings for Inferred Entity Instance: vjtag_test:VU|altsyncram:ram_rtl_0 ;
+------------------------------------+----------------------+-------------------------+
; Parameter Name                     ; Value                ; Type                    ;
+------------------------------------+----------------------+-------------------------+
; BYTE_SIZE_BLOCK                    ; 8                    ; Untyped                 ;
; AUTO_CARRY_CHAINS                  ; ON                   ; AUTO_CARRY              ;
; IGNORE_CARRY_BUFFERS               ; OFF                  ; IGNORE_CARRY            ;
; AUTO_CASCADE_CHAINS                ; ON                   ; AUTO_CASCADE            ;
; IGNORE_CASCADE_BUFFERS             ; OFF                  ; IGNORE_CASCADE          ;
; WIDTH_BYTEENA                      ; 1                    ; Untyped                 ;
; OPERATION_MODE                     ; DUAL_PORT            ; Untyped                 ;
; WIDTH_A                            ; 8                    ; Untyped                 ;
; WIDTHAD_A                          ; 15                   ; Untyped                 ;
; NUMWORDS_A                         ; 32768                ; Untyped                 ;
; OUTDATA_REG_A                      ; UNREGISTERED         ; Untyped                 ;
; ADDRESS_ACLR_A                     ; NONE                 ; Untyped                 ;
; OUTDATA_ACLR_A                     ; NONE                 ; Untyped                 ;
; WRCONTROL_ACLR_A                   ; NONE                 ; Untyped                 ;
; INDATA_ACLR_A                      ; NONE                 ; Untyped                 ;
; BYTEENA_ACLR_A                     ; NONE                 ; Untyped                 ;
; WIDTH_B                            ; 8                    ; Untyped                 ;
; WIDTHAD_B                          ; 15                   ; Untyped                 ;
; NUMWORDS_B                         ; 32768                ; Untyped                 ;
; INDATA_REG_B                       ; CLOCK1               ; Untyped                 ;
; WRCONTROL_WRADDRESS_REG_B          ; CLOCK1               ; Untyped                 ;
; RDCONTROL_REG_B                    ; CLOCK1               ; Untyped                 ;
; ADDRESS_REG_B                      ; CLOCK0               ; Untyped                 ;
; OUTDATA_REG_B                      ; UNREGISTERED         ; Untyped                 ;
; BYTEENA_REG_B                      ; CLOCK1               ; Untyped                 ;
; INDATA_ACLR_B                      ; NONE                 ; Untyped                 ;
; WRCONTROL_ACLR_B                   ; NONE                 ; Untyped                 ;
; ADDRESS_ACLR_B                     ; NONE                 ; Untyped                 ;
; OUTDATA_ACLR_B                     ; NONE                 ; Untyped                 ;
; RDCONTROL_ACLR_B                   ; NONE                 ; Untyped                 ;
; BYTEENA_ACLR_B                     ; NONE                 ; Untyped                 ;
; WIDTH_BYTEENA_A                    ; 1                    ; Untyped                 ;
; WIDTH_BYTEENA_B                    ; 1                    ; Untyped                 ;
; RAM_BLOCK_TYPE                     ; AUTO                 ; Untyped                 ;
; BYTE_SIZE                          ; 8                    ; Untyped                 ;
; READ_DURING_WRITE_MODE_MIXED_PORTS ; OLD_DATA             ; Untyped                 ;
; READ_DURING_WRITE_MODE_PORT_A      ; NEW_DATA_NO_NBE_READ ; Untyped                 ;
; READ_DURING_WRITE_MODE_PORT_B      ; NEW_DATA_NO_NBE_READ ; Untyped                 ;
; INIT_FILE                          ; UNUSED               ; Untyped                 ;
; INIT_FILE_LAYOUT                   ; PORT_A               ; Untyped                 ;
; MAXIMUM_DEPTH                      ; 0                    ; Untyped                 ;
; CLOCK_ENABLE_INPUT_A               ; NORMAL               ; Untyped                 ;
; CLOCK_ENABLE_INPUT_B               ; NORMAL               ; Untyped                 ;
; CLOCK_ENABLE_OUTPUT_A              ; NORMAL               ; Untyped                 ;
; CLOCK_ENABLE_OUTPUT_B              ; NORMAL               ; Untyped                 ;
; CLOCK_ENABLE_CORE_A                ; USE_INPUT_CLKEN      ; Untyped                 ;
; CLOCK_ENABLE_CORE_B                ; USE_INPUT_CLKEN      ; Untyped                 ;
; ENABLE_ECC                         ; FALSE                ; Untyped                 ;
; ECC_PIPELINE_STAGE_ENABLED         ; FALSE                ; Untyped                 ;
; WIDTH_ECCSTATUS                    ; 3                    ; Untyped                 ;
; DEVICE_FAMILY                      ; Cyclone III          ; Untyped                 ;
; CBXI_PARAMETER                     ; altsyncram_n5h1      ; Untyped                 ;
+------------------------------------+----------------------+-------------------------+
Note: In order to hide this table in the UI and the text report file, please set the "Show Parameter Settings in Synthesis Report" option in "Analysis and Synthesis Settings -> More Settings" to "Off".


+--------------------------------------------------------------------------------+
; altsyncram Parameter Settings by Entity Instance                               ;
+-------------------------------------------+------------------------------------+
; Name                                      ; Value                              ;
+-------------------------------------------+------------------------------------+
; Number of entity instances                ; 1                                  ;
; Entity Instance                           ; vjtag_test:VU|altsyncram:ram_rtl_0 ;
;     -- OPERATION_MODE                     ; DUAL_PORT                          ;
;     -- WIDTH_A                            ; 8                                  ;
;     -- NUMWORDS_A                         ; 32768                              ;
;     -- OUTDATA_REG_A                      ; UNREGISTERED                       ;
;     -- WIDTH_B                            ; 8                                  ;
;     -- NUMWORDS_B                         ; 32768                              ;
;     -- ADDRESS_REG_B                      ; CLOCK0                             ;
;     -- OUTDATA_REG_B                      ; UNREGISTERED                       ;
;     -- RAM_BLOCK_TYPE                     ; AUTO                               ;
;     -- READ_DURING_WRITE_MODE_MIXED_PORTS ; OLD_DATA                           ;
+-------------------------------------------+------------------------------------+


+---------------------------------------------------------------------------------------------------------------------------------------------------------------------------------------+
; Port Connectivity Checks: "vjtag_test:VU|vjtag_uart:vjtag|VirtualJTAG:vjtag"                                                                                                          ;
+--------------------+--------+----------+----------------------------------------------------------------------------------------------------------------------------------------------+
; Port               ; Type   ; Severity ; Details                                                                                                                                      ;
+--------------------+--------+----------+----------------------------------------------------------------------------------------------------------------------------------------------+
; ir_out             ; Input  ; Warning  ; Declared by entity but not connected by instance. If a default value exists, it will be used.  Otherwise, the port will be connected to GND. ;
; virtual_state_cdr  ; Output ; Warning  ; Declared by entity but not connected by instance. Logic that only feeds a dangling port will be removed.                                     ;
; virtual_state_cir  ; Output ; Warning  ; Declared by entity but not connected by instance. Logic that only feeds a dangling port will be removed.                                     ;
; virtual_state_e1dr ; Output ; Warning  ; Declared by entity but not connected by instance. Logic that only feeds a dangling port will be removed.                                     ;
; virtual_state_e2dr ; Output ; Warning  ; Declared by entity but not connected by instance. Logic that only feeds a dangling port will be removed.                                     ;
; virtual_state_pdr  ; Output ; Warning  ; Declared by entity but not connected by instance. Logic that only feeds a dangling port will be removed.                                     ;
; virtual_state_udr  ; Output ; Warning  ; Declared by entity but not connected by instance. Logic that only feeds a dangling port will be removed.                                     ;
+--------------------+--------+----------+----------------------------------------------------------------------------------------------------------------------------------------------+


+----------------------------------------------------------------------------------------------------------------------------------------------------------------------------------------------------------------+
; Virtual JTAG Settings                                                                                                                                                                                          ;
+----------------+------------+------------------+----------+---------+-----------------+-------------------------+----------------------------------------------------------------------------------------------+
; Instance Index ; Auto Index ; Index Reassigned ; IR Width ; Address ; USER1 DR length ; VIR capture instruction ; Hierarchy Location                                                                           ;
+----------------+------------+------------------+----------+---------+-----------------+-------------------------+----------------------------------------------------------------------------------------------+
; 0              ; YES        ; N/A              ; 8        ; 0x100   ; 9               ; 0x00B                   ; vjtag_test:VU|vjtag_uart:vjtag|VirtualJTAG:vjtag|sld_virtual_jtag:sld_virtual_jtag_component ;
+----------------+------------+------------------+----------+---------+-----------------+-------------------------+----------------------------------------------------------------------------------------------+


+---------------------------------+
; Elapsed Time Per Partition      ;
+------------------+--------------+
; Partition Name   ; Elapsed Time ;
+------------------+--------------+
; Top              ; 00:00:01     ;
; sld_hub:auto_hub ; 00:00:00     ;
+------------------+--------------+


+-------------------------------+
; Analysis & Synthesis Messages ;
+-------------------------------+
Info: *******************************************************************
Info: Running Quartus II 64-Bit Analysis & Synthesis
    Info: Version 13.0.1 Build 232 06/12/2013 Service Pack 1 SJ Full Version
    Info: Processing started: Fri Nov 03 08:35:35 2023
Info: Command: quartus_map --read_settings_files=on --write_settings_files=off DE0_top -c DE0_top
Info (11104): Parallel Compilation has detected 8 hyper-threaded processors. However, the extra hyper-threaded processors will not be used by default. Parallel Compilation will use 4 of the 4 physical processors detected instead.
Warning (10275): Verilog HDL Module Instantiation warning at DE0_top.v(100): ignored dangling comma in List of Port Connections
Info (12021): Found 1 design units, including 1 entities, in source file ip/de0_top.v
    Info (12023): Found entity 1: DE0_top
Info (12021): Found 1 design units, including 1 entities, in source file ip/sys_reset.v
    Info (12023): Found entity 1: sys_reset
Info (12021): Found 1 design units, including 1 entities, in source file ip/seg7_ctrl.v
    Info (12023): Found entity 1: seg7_ctrl
Info (12021): Found 1 design units, including 1 entities, in source file ip/vjtag_uart.v
    Info (12023): Found entity 1: vjtag_uart
Info (12021): Found 1 design units, including 1 entities, in source file ip/vjtag_test.v
    Info (12023): Found entity 1: vjtag_test
Info (12021): Found 1 design units, including 1 entities, in source file ip/virtualjtag.v
    Info (12023): Found entity 1: VirtualJTAG
Info (12127): Elaborating entity "DE0_top" for the top level hierarchy
Warning (10034): Output port "DRAM_ADDR" at DE0_top.v(29) has no driver
Warning (10034): Output port "FL_ADDR" at DE0_top.v(42) has no driver
Warning (10034): Output port "VGA_R" at DE0_top.v(69) has no driver
Warning (10034): Output port "VGA_G" at DE0_top.v(70) has no driver
Warning (10034): Output port "VGA_B" at DE0_top.v(71) has no driver
Warning (10034): Output port "GPIO0_CLKOUT" at DE0_top.v(74) has no driver
Warning (10034): Output port "GPIO1_CLKOUT" at DE0_top.v(77) has no driver
Warning (10034): Output port "UART_TXD" at DE0_top.v(23) has no driver
Warning (10034): Output port "UART_CTS" at DE0_top.v(25) has no driver
Warning (10034): Output port "DRAM_LDQM" at DE0_top.v(30) has no driver
Warning (10034): Output port "DRAM_UDQM" at DE0_top.v(31) has no driver
Warning (10034): Output port "DRAM_WE_N" at DE0_top.v(32) has no driver
Warning (10034): Output port "DRAM_CAS_N" at DE0_top.v(33) has no driver
Warning (10034): Output port "DRAM_RAS_N" at DE0_top.v(34) has no driver
Warning (10034): Output port "DRAM_CS_N" at DE0_top.v(35) has no driver
Warning (10034): Output port "DRAM_BA_0" at DE0_top.v(36) has no driver
Warning (10034): Output port "DRAM_BA_1" at DE0_top.v(37) has no driver
Warning (10034): Output port "DRAM_CLK" at DE0_top.v(38) has no driver
Warning (10034): Output port "DRAM_CKE" at DE0_top.v(39) has no driver
Warning (10034): Output port "FL_WE_N" at DE0_top.v(43) has no driver
Warning (10034): Output port "FL_RST_N" at DE0_top.v(44) has no driver
Warning (10034): Output port "FL_OE_N" at DE0_top.v(45) has no driver
Warning (10034): Output port "FL_CE_N" at DE0_top.v(46) has no driver
Warning (10034): Output port "FL_WP_N" at DE0_top.v(47) has no driver
Warning (10034): Output port "FL_BYTE_N" at DE0_top.v(48) has no driver
Warning (10034): Output port "LCD_BLON" at DE0_top.v(51) has no driver
Warning (10034): Output port "LCD_RW" at DE0_top.v(52) has no driver
Warning (10034): Output port "LCD_EN" at DE0_top.v(53) has no driver
Warning (10034): Output port "LCD_RS" at DE0_top.v(54) has no driver
Warning (10034): Output port "SD_CLK" at DE0_top.v(59) has no driver
Warning (10034): Output port "VGA_HS" at DE0_top.v(67) has no driver
Warning (10034): Output port "VGA_VS" at DE0_top.v(68) has no driver
Info (12128): Elaborating entity "sys_reset" for hierarchy "sys_reset:RSTU"
Warning (10230): Verilog HDL assignment warning at sys_reset.v(19): truncated value with size 32 to match size of target (16)
Info (12128): Elaborating entity "vjtag_test" for hierarchy "vjtag_test:VU"
Warning (10230): Verilog HDL assignment warning at vjtag_test.v(109): truncated value with size 32 to match size of target (15)
Warning (10230): Verilog HDL assignment warning at vjtag_test.v(128): truncated value with size 32 to match size of target (15)
Warning (10230): Verilog HDL assignment warning at vjtag_test.v(139): truncated value with size 20 to match size of target (10)
Info (12128): Elaborating entity "seg7_ctrl" for hierarchy "vjtag_test:VU|seg7_ctrl:seg7_0"
Info (12128): Elaborating entity "vjtag_uart" for hierarchy "vjtag_test:VU|vjtag_uart:vjtag"
Warning (10230): Verilog HDL assignment warning at vjtag_uart.v(62): truncated value with size 32 to match size of target (3)
Warning (10230): Verilog HDL assignment warning at vjtag_uart.v(84): truncated value with size 32 to match size of target (1)
Warning (10230): Verilog HDL assignment warning at vjtag_uart.v(85): truncated value with size 32 to match size of target (1)
Warning (10230): Verilog HDL assignment warning at vjtag_uart.v(98): truncated value with size 32 to match size of target (1)
Warning (10230): Verilog HDL assignment warning at vjtag_uart.v(110): truncated value with size 32 to match size of target (1)
Info (12128): Elaborating entity "VirtualJTAG" for hierarchy "vjtag_test:VU|vjtag_uart:vjtag|VirtualJTAG:vjtag"
Info (12128): Elaborating entity "sld_virtual_jtag" for hierarchy "vjtag_test:VU|vjtag_uart:vjtag|VirtualJTAG:vjtag|sld_virtual_jtag:sld_virtual_jtag_component"
Info (12130): Elaborated megafunction instantiation "vjtag_test:VU|vjtag_uart:vjtag|VirtualJTAG:vjtag|sld_virtual_jtag:sld_virtual_jtag_component"
Info (12133): Instantiated megafunction "vjtag_test:VU|vjtag_uart:vjtag|VirtualJTAG:vjtag|sld_virtual_jtag:sld_virtual_jtag_component" with the following parameter:
    Info (12134): Parameter "sld_auto_instance_index" = "YES"
    Info (12134): Parameter "sld_instance_index" = "0"
    Info (12134): Parameter "sld_ir_width" = "8"
    Info (12134): Parameter "sld_sim_action" = ""
    Info (12134): Parameter "sld_sim_n_scan" = "0"
    Info (12134): Parameter "sld_sim_total_length" = "0"
Info (12128): Elaborating entity "sld_virtual_jtag_basic" for hierarchy "vjtag_test:VU|vjtag_uart:vjtag|VirtualJTAG:vjtag|sld_virtual_jtag:sld_virtual_jtag_component|sld_virtual_jtag_basic:sld_virtual_jtag_basic_inst"
Info (12131): Elaborated megafunction instantiation "vjtag_test:VU|vjtag_uart:vjtag|VirtualJTAG:vjtag|sld_virtual_jtag:sld_virtual_jtag_component|sld_virtual_jtag_basic:sld_virtual_jtag_basic_inst", which is child of megafunction instantiation "vjtag_test:VU|vjtag_uart:vjtag|VirtualJTAG:vjtag|sld_virtual_jtag:sld_virtual_jtag_component"
Info (12128): Elaborating entity "sld_virtual_jtag_impl" for hierarchy "vjtag_test:VU|vjtag_uart:vjtag|VirtualJTAG:vjtag|sld_virtual_jtag:sld_virtual_jtag_component|sld_virtual_jtag_basic:sld_virtual_jtag_basic_inst|sld_virtual_jtag_impl:sld_virtual_jtag_impl_inst"
Info (12131): Elaborated megafunction instantiation "vjtag_test:VU|vjtag_uart:vjtag|VirtualJTAG:vjtag|sld_virtual_jtag:sld_virtual_jtag_component|sld_virtual_jtag_basic:sld_virtual_jtag_basic_inst|sld_virtual_jtag_impl:sld_virtual_jtag_impl_inst", which is child of megafunction instantiation "vjtag_test:VU|vjtag_uart:vjtag|VirtualJTAG:vjtag|sld_virtual_jtag:sld_virtual_jtag_component"
Warning (276020): Inferred RAM node "vjtag_test:VU|ram_rtl_0" from synchronous design logic.  Pass-through logic has been added to match the read-during-write behavior of the original design.
Info (19000): Inferred 1 megafunctions from design logic
    Info (276029): Inferred altsyncram megafunction from the following design logic: "vjtag_test:VU|ram_rtl_0" 
        Info (286033): Parameter OPERATION_MODE set to DUAL_PORT
        Info (286033): Parameter WIDTH_A set to 8
        Info (286033): Parameter WIDTHAD_A set to 15
        Info (286033): Parameter NUMWORDS_A set to 32768
        Info (286033): Parameter WIDTH_B set to 8
        Info (286033): Parameter WIDTHAD_B set to 15
        Info (286033): Parameter NUMWORDS_B set to 32768
        Info (286033): Parameter ADDRESS_ACLR_A set to NONE
        Info (286033): Parameter OUTDATA_REG_B set to UNREGISTERED
        Info (286033): Parameter ADDRESS_ACLR_B set to NONE
        Info (286033): Parameter OUTDATA_ACLR_B set to NONE
        Info (286033): Parameter ADDRESS_REG_B set to CLOCK0
        Info (286033): Parameter INDATA_ACLR_A set to NONE
        Info (286033): Parameter WRCONTROL_ACLR_A set to NONE
        Info (286033): Parameter READ_DURING_WRITE_MODE_MIXED_PORTS set to OLD_DATA
Info (12130): Elaborated megafunction instantiation "vjtag_test:VU|altsyncram:ram_rtl_0"
Info (12133): Instantiated megafunction "vjtag_test:VU|altsyncram:ram_rtl_0" with the following parameter:
    Info (12134): Parameter "OPERATION_MODE" = "DUAL_PORT"
    Info (12134): Parameter "WIDTH_A" = "8"
    Info (12134): Parameter "WIDTHAD_A" = "15"
    Info (12134): Parameter "NUMWORDS_A" = "32768"
    Info (12134): Parameter "WIDTH_B" = "8"
    Info (12134): Parameter "WIDTHAD_B" = "15"
    Info (12134): Parameter "NUMWORDS_B" = "32768"
    Info (12134): Parameter "ADDRESS_ACLR_A" = "NONE"
    Info (12134): Parameter "OUTDATA_REG_B" = "UNREGISTERED"
    Info (12134): Parameter "ADDRESS_ACLR_B" = "NONE"
    Info (12134): Parameter "OUTDATA_ACLR_B" = "NONE"
    Info (12134): Parameter "ADDRESS_REG_B" = "CLOCK0"
    Info (12134): Parameter "INDATA_ACLR_A" = "NONE"
    Info (12134): Parameter "WRCONTROL_ACLR_A" = "NONE"
    Info (12134): Parameter "READ_DURING_WRITE_MODE_MIXED_PORTS" = "OLD_DATA"
Info (12021): Found 1 design units, including 1 entities, in source file db/altsyncram_n5h1.tdf
    Info (12023): Found entity 1: altsyncram_n5h1
Info (12021): Found 1 design units, including 1 entities, in source file db/decode_dra.tdf
    Info (12023): Found entity 1: decode_dra
Info (12021): Found 1 design units, including 1 entities, in source file db/mux_tlb.tdf
    Info (12023): Found entity 1: mux_tlb
Warning (12241): 1 hierarchies have connectivity warnings - see the Connectivity Checks report folder
Warning (13039): The following bidir pins have no drivers
    Warning (13040): Bidir "DRAM_DQ[0]" has no driver
    Warning (13040): Bidir "DRAM_DQ[1]" has no driver
    Warning (13040): Bidir "DRAM_DQ[2]" has no driver
    Warning (13040): Bidir "DRAM_DQ[3]" has no driver
    Warning (13040): Bidir "DRAM_DQ[4]" has no driver
    Warning (13040): Bidir "DRAM_DQ[5]" has no driver
    Warning (13040): Bidir "DRAM_DQ[6]" has no driver
    Warning (13040): Bidir "DRAM_DQ[7]" has no driver
    Warning (13040): Bidir "DRAM_DQ[8]" has no driver
    Warning (13040): Bidir "DRAM_DQ[9]" has no driver
    Warning (13040): Bidir "DRAM_DQ[10]" has no driver
    Warning (13040): Bidir "DRAM_DQ[11]" has no driver
    Warning (13040): Bidir "DRAM_DQ[12]" has no driver
    Warning (13040): Bidir "DRAM_DQ[13]" has no driver
    Warning (13040): Bidir "DRAM_DQ[14]" has no driver
    Warning (13040): Bidir "DRAM_DQ[15]" has no driver
    Warning (13040): Bidir "FL_DQ[0]" has no driver
    Warning (13040): Bidir "FL_DQ[1]" has no driver
    Warning (13040): Bidir "FL_DQ[2]" has no driver
    Warning (13040): Bidir "FL_DQ[3]" has no driver
    Warning (13040): Bidir "FL_DQ[4]" has no driver
    Warning (13040): Bidir "FL_DQ[5]" has no driver
    Warning (13040): Bidir "FL_DQ[6]" has no driver
    Warning (13040): Bidir "FL_DQ[7]" has no driver
    Warning (13040): Bidir "FL_DQ[8]" has no driver
    Warning (13040): Bidir "FL_DQ[9]" has no driver
    Warning (13040): Bidir "FL_DQ[10]" has no driver
    Warning (13040): Bidir "FL_DQ[11]" has no driver
    Warning (13040): Bidir "FL_DQ[12]" has no driver
    Warning (13040): Bidir "FL_DQ[13]" has no driver
    Warning (13040): Bidir "FL_DQ[14]" has no driver
    Warning (13040): Bidir "FL_DQ[15]" has no driver
    Warning (13040): Bidir "LCD_DATA[0]" has no driver
    Warning (13040): Bidir "LCD_DATA[1]" has no driver
    Warning (13040): Bidir "LCD_DATA[2]" has no driver
    Warning (13040): Bidir "LCD_DATA[3]" has no driver
    Warning (13040): Bidir "LCD_DATA[4]" has no driver
    Warning (13040): Bidir "LCD_DATA[5]" has no driver
    Warning (13040): Bidir "LCD_DATA[6]" has no driver
    Warning (13040): Bidir "LCD_DATA[7]" has no driver
    Warning (13040): Bidir "SD_CMD" has no driver
    Warning (13040): Bidir "PS2_MSCLK" has no driver
    Warning (13040): Bidir "PS2_MSDAT" has no driver
Warning (13024): Output pins are stuck at VCC or GND
    Warning (13410): Pin "HEX0_DP" is stuck at VCC
    Warning (13410): Pin "HEX1_DP" is stuck at VCC
    Warning (13410): Pin "HEX2_DP" is stuck at VCC
    Warning (13410): Pin "HEX3_DP" is stuck at VCC
    Warning (13410): Pin "UART_TXD" is stuck at GND
    Warning (13410): Pin "UART_CTS" is stuck at GND
    Warning (13410): Pin "DRAM_ADDR[0]" is stuck at GND
    Warning (13410): Pin "DRAM_ADDR[1]" is stuck at GND
    Warning (13410): Pin "DRAM_ADDR[2]" is stuck at GND
    Warning (13410): Pin "DRAM_ADDR[3]" is stuck at GND
    Warning (13410): Pin "DRAM_ADDR[4]" is stuck at GND
    Warning (13410): Pin "DRAM_ADDR[5]" is stuck at GND
    Warning (13410): Pin "DRAM_ADDR[6]" is stuck at GND
    Warning (13410): Pin "DRAM_ADDR[7]" is stuck at GND
    Warning (13410): Pin "DRAM_ADDR[8]" is stuck at GND
    Warning (13410): Pin "DRAM_ADDR[9]" is stuck at GND
    Warning (13410): Pin "DRAM_ADDR[10]" is stuck at GND
    Warning (13410): Pin "DRAM_ADDR[11]" is stuck at GND
    Warning (13410): Pin "DRAM_ADDR[12]" is stuck at GND
    Warning (13410): Pin "DRAM_LDQM" is stuck at GND
    Warning (13410): Pin "DRAM_UDQM" is stuck at GND
    Warning (13410): Pin "DRAM_WE_N" is stuck at GND
    Warning (13410): Pin "DRAM_CAS_N" is stuck at GND
    Warning (13410): Pin "DRAM_RAS_N" is stuck at GND
    Warning (13410): Pin "DRAM_CS_N" is stuck at GND
    Warning (13410): Pin "DRAM_BA_0" is stuck at GND
    Warning (13410): Pin "DRAM_BA_1" is stuck at GND
    Warning (13410): Pin "DRAM_CLK" is stuck at GND
    Warning (13410): Pin "DRAM_CKE" is stuck at GND
    Warning (13410): Pin "FL_ADDR[0]" is stuck at GND
    Warning (13410): Pin "FL_ADDR[1]" is stuck at GND
    Warning (13410): Pin "FL_ADDR[2]" is stuck at GND
    Warning (13410): Pin "FL_ADDR[3]" is stuck at GND
    Warning (13410): Pin "FL_ADDR[4]" is stuck at GND
    Warning (13410): Pin "FL_ADDR[5]" is stuck at GND
    Warning (13410): Pin "FL_ADDR[6]" is stuck at GND
    Warning (13410): Pin "FL_ADDR[7]" is stuck at GND
    Warning (13410): Pin "FL_ADDR[8]" is stuck at GND
    Warning (13410): Pin "FL_ADDR[9]" is stuck at GND
    Warning (13410): Pin "FL_ADDR[10]" is stuck at GND
    Warning (13410): Pin "FL_ADDR[11]" is stuck at GND
    Warning (13410): Pin "FL_ADDR[12]" is stuck at GND
    Warning (13410): Pin "FL_ADDR[13]" is stuck at GND
    Warning (13410): Pin "FL_ADDR[14]" is stuck at GND
    Warning (13410): Pin "FL_ADDR[15]" is stuck at GND
    Warning (13410): Pin "FL_ADDR[16]" is stuck at GND
    Warning (13410): Pin "FL_ADDR[17]" is stuck at GND
    Warning (13410): Pin "FL_ADDR[18]" is stuck at GND
    Warning (13410): Pin "FL_ADDR[19]" is stuck at GND
    Warning (13410): Pin "FL_ADDR[20]" is stuck at GND
    Warning (13410): Pin "FL_ADDR[21]" is stuck at GND
    Warning (13410): Pin "FL_WE_N" is stuck at GND
    Warning (13410): Pin "FL_RST_N" is stuck at GND
    Warning (13410): Pin "FL_OE_N" is stuck at GND
    Warning (13410): Pin "FL_CE_N" is stuck at GND
    Warning (13410): Pin "FL_WP_N" is stuck at GND
    Warning (13410): Pin "FL_BYTE_N" is stuck at GND
    Warning (13410): Pin "LCD_BLON" is stuck at GND
    Warning (13410): Pin "LCD_RW" is stuck at GND
    Warning (13410): Pin "LCD_EN" is stuck at GND
    Warning (13410): Pin "LCD_RS" is stuck at GND
    Warning (13410): Pin "SD_CLK" is stuck at GND
    Warning (13410): Pin "VGA_HS" is stuck at GND
    Warning (13410): Pin "VGA_VS" is stuck at GND
    Warning (13410): Pin "VGA_R[0]" is stuck at GND
    Warning (13410): Pin "VGA_R[1]" is stuck at GND
    Warning (13410): Pin "VGA_R[2]" is stuck at GND
    Warning (13410): Pin "VGA_R[3]" is stuck at GND
    Warning (13410): Pin "VGA_G[0]" is stuck at GND
    Warning (13410): Pin "VGA_G[1]" is stuck at GND
    Warning (13410): Pin "VGA_G[2]" is stuck at GND
    Warning (13410): Pin "VGA_G[3]" is stuck at GND
    Warning (13410): Pin "VGA_B[0]" is stuck at GND
    Warning (13410): Pin "VGA_B[1]" is stuck at GND
    Warning (13410): Pin "VGA_B[2]" is stuck at GND
    Warning (13410): Pin "VGA_B[3]" is stuck at GND
    Warning (13410): Pin "GPIO0_CLKOUT[0]" is stuck at GND
    Warning (13410): Pin "GPIO0_CLKOUT[1]" is stuck at GND
    Warning (13410): Pin "GPIO1_CLKOUT[0]" is stuck at GND
    Warning (13410): Pin "GPIO1_CLKOUT[1]" is stuck at GND
Info (286031): Timing-Driven Synthesis is running on partition "Top"
Info (13000): Registers with preset signals will power-up high
Info (13003): DEV_CLRn pin will set, and not reset, register with preset signal due to NOT Gate Push-Back
Warning (13024): Output pins are stuck at VCC or GND
    Warning (13410): Pin "sld_hub:auto_hub|receive[0][0]" is stuck at GND
Info (286031): Timing-Driven Synthesis is running on partition "sld_hub:auto_hub"
Info (144001): Generated suppressed messages file C:/prj/DE0_usb_jtag/altera_de0/output_files/DE0_top.map.smsg
Info (16010): Generating hard_block partition "hard_block:auto_generated_inst"
    Info (16011): Adding 0 node(s), including 0 DDIO, 0 PLL, 0 transceiver and 0 LCELL
Warning (21074): Design contains 26 input pin(s) that do not drive logic
    Warning (15610): No output dependent on input pin "CLOCK_50_2"
    Warning (15610): No output dependent on input pin "BUTTON[1]"
    Warning (15610): No output dependent on input pin "BUTTON[2]"
    Warning (15610): No output dependent on input pin "SW[1]"
    Warning (15610): No output dependent on input pin "SW[2]"
    Warning (15610): No output dependent on input pin "SW[3]"
    Warning (15610): No output dependent on input pin "SW[4]"
    Warning (15610): No output dependent on input pin "SW[5]"
    Warning (15610): No output dependent on input pin "SW[6]"
    Warning (15610): No output dependent on input pin "SW[7]"
    Warning (15610): No output dependent on input pin "SW[8]"
    Warning (15610): No output dependent on input pin "SW[9]"
    Warning (15610): No output dependent on input pin "UART_RXD"
    Warning (15610): No output dependent on input pin "UART_RTS"
    Warning (15610): No output dependent on input pin "FL_RY"
    Warning (15610): No output dependent on input pin "SD_DAT[0]"
    Warning (15610): No output dependent on input pin "SD_DAT[1]"
    Warning (15610): No output dependent on input pin "SD_DAT[2]"
    Warning (15610): No output dependent on input pin "SD_DAT[3]"
    Warning (15610): No output dependent on input pin "SD_WP_N"
    Warning (15610): No output dependent on input pin "PS2_KBCLK"
    Warning (15610): No output dependent on input pin "PS2_KBDAT"
    Warning (15610): No output dependent on input pin "GPIO0_CLKIN[0]"
    Warning (15610): No output dependent on input pin "GPIO0_CLKIN[1]"
    Warning (15610): No output dependent on input pin "GPIO1_CLKIN[0]"
    Warning (15610): No output dependent on input pin "GPIO1_CLKIN[1]"
Info (21057): Implemented 753 device resources after synthesis - the final resource count might be different
    Info (21058): Implemented 32 input pins
    Info (21059): Implemented 119 output pins
    Info (21060): Implemented 107 bidirectional pins
    Info (21061): Implemented 462 logic cells
    Info (21064): Implemented 32 RAM segments
Info: Quartus II 64-Bit Analysis & Synthesis was successful. 0 errors, 198 warnings
    Info: Peak virtual memory: 4683 megabytes
    Info: Processing ended: Fri Nov 03 08:35:40 2023
    Info: Elapsed time: 00:00:05
    Info: Total CPU time (on all processors): 00:00:05


+------------------------------------------+
; Analysis & Synthesis Suppressed Messages ;
+------------------------------------------+
The suppressed messages can be found in C:/prj/DE0_usb_jtag/altera_de0/output_files/DE0_top.map.smsg.


